2018-10-21 00:32:56,311 INFO o.a.j.u.JMeterUtils: Setting Locale to en_EN
2018-10-21 00:32:56,340 INFO o.a.j.JMeter: Loading user properties from: /usr/local/Cellar/jmeter/5.0/libexec/bin/user.properties
2018-10-21 00:32:56,340 INFO o.a.j.JMeter: Loading system properties from: /usr/local/Cellar/jmeter/5.0/libexec/bin/system.properties
2018-10-21 00:32:56,345 INFO o.a.j.JMeter: Copyright (c) 1998-2018 The Apache Software Foundation
2018-10-21 00:32:56,345 INFO o.a.j.JMeter: Version 5.0 r1840935
2018-10-21 00:32:56,345 INFO o.a.j.JMeter: java.version=1.8.0_144
2018-10-21 00:32:56,345 INFO o.a.j.JMeter: java.vm.name=Java HotSpot(TM) 64-Bit Server VM
2018-10-21 00:32:56,345 INFO o.a.j.JMeter: os.name=Mac OS X
2018-10-21 00:32:56,345 INFO o.a.j.JMeter: os.arch=x86_64
2018-10-21 00:32:56,345 INFO o.a.j.JMeter: os.version=10.13.2
2018-10-21 00:32:56,346 INFO o.a.j.JMeter: file.encoding=UTF-8
2018-10-21 00:32:56,346 INFO o.a.j.JMeter: Max memory     =1073741824
2018-10-21 00:32:56,346 INFO o.a.j.JMeter: Available Processors =4
2018-10-21 00:32:56,349 INFO o.a.j.JMeter: Default Locale=English (EN)
2018-10-21 00:32:56,349 INFO o.a.j.JMeter: JMeter  Locale=English (EN)
2018-10-21 00:32:56,349 INFO o.a.j.JMeter: JMeterHome=/usr/local/Cellar/jmeter/5.0/libexec
2018-10-21 00:32:56,349 INFO o.a.j.JMeter: user.dir  =/Users/xs/IdeaProjects/jmeterClient
2018-10-21 00:32:56,349 INFO o.a.j.JMeter: PWD       =/Users/xs/IdeaProjects/jmeterClient
2018-10-21 00:32:56,362 INFO o.a.j.JMeter: IP: 192.168.31.154 Name: xs FullName: 192.168.31.154
2018-10-21 00:32:58,045 INFO o.a.j.g.a.LookAndFeelCommand: Installing Darcula LAF
2018-10-21 00:32:58,064 INFO o.a.j.g.a.LookAndFeelCommand: Using look and feel: com.bulenkov.darcula.DarculaLaf [Darcula]
2018-10-21 00:32:58,064 INFO o.a.j.JMeter: Setting LAF to: com.bulenkov.darcula.DarculaLaf
2018-10-21 00:32:58,136 INFO o.a.j.JMeter: Loaded icon properties from org/apache/jmeter/images/icon.properties
2018-10-21 00:32:59,569 INFO o.a.j.e.u.CompoundVariable: Note: Function class names must contain the string: '.functions.'
2018-10-21 00:32:59,570 INFO o.a.j.e.u.CompoundVariable: Note: Function class names must not contain the string: '.gui.'
2018-10-21 00:33:00,531 WARN o.j.r.PluginManager: Found JAR conflict: /usr/local/Cellar/jmeter/5.0/libexec/lib/ext/commons-math3-3.4.1.jar and /usr/local/Cellar/jmeter/5.0/libexec/lib/commons-math3-3.6.1.jar
2018-10-21 00:33:00,532 WARN o.j.r.PluginManager: Found JAR conflict: /usr/local/Cellar/jmeter/5.0/libexec/lib/ext/libthrift-0.9.3.jar and /usr/local/Cellar/jmeter/5.0/libexec/lib/ext/libthrift-0.11.0.jar
2018-10-21 00:33:00,572 INFO o.j.r.JARSourceHTTP: Found cached repo
2018-10-21 00:33:00,729 INFO o.j.r.PluginManager: Plugins Status: [jpgc-graphs-basic=2.0, bzm-http2=1.4, jpgc-plugins-manager=1.3, jmeter-core=5.0, jmeter-ftp=5.0, jmeter-http=5.0, jmeter-jdbc=5.0, jmeter-jms=5.0, jmeter-junit=5.0, jmeter-java=5.0, jmeter-ldap=5.0, jmeter-mail=5.0, jmeter-mongodb=5.0, jmeter-native=5.0, jmeter-tcp=5.0, jmeter-components=5.0]
2018-10-21 00:33:01,862 INFO o.a.j.p.h.s.HTTPSamplerBase: Parser for text/html is org.apache.jmeter.protocol.http.parser.LagartoBasedHtmlParser
2018-10-21 00:33:01,863 INFO o.a.j.p.h.s.HTTPSamplerBase: Parser for application/xhtml+xml is org.apache.jmeter.protocol.http.parser.LagartoBasedHtmlParser
2018-10-21 00:33:01,863 INFO o.a.j.p.h.s.HTTPSamplerBase: Parser for application/xml is org.apache.jmeter.protocol.http.parser.LagartoBasedHtmlParser
2018-10-21 00:33:01,863 INFO o.a.j.p.h.s.HTTPSamplerBase: Parser for text/xml is org.apache.jmeter.protocol.http.parser.LagartoBasedHtmlParser
2018-10-21 00:33:01,863 INFO o.a.j.p.h.s.HTTPSamplerBase: Parser for text/vnd.wap.wml is org.apache.jmeter.protocol.http.parser.RegexpHTMLParser
2018-10-21 00:33:01,864 INFO o.a.j.p.h.s.HTTPSamplerBase: Parser for text/css is org.apache.jmeter.protocol.http.parser.CssParser
2018-10-21 00:33:01,940 WARN o.a.j.u.JMeterUtils: no icon for toolbar/19x19arrow-right-3.png
2018-10-21 00:33:01,946 INFO o.a.j.s.SampleResult: Note: Sample TimeStamps are START times
2018-10-21 00:33:01,946 INFO o.a.j.s.SampleResult: sampleresult.default.encoding is set to ISO-8859-1
2018-10-21 00:33:01,946 INFO o.a.j.s.SampleResult: sampleresult.useNanoTime=true
2018-10-21 00:33:01,946 INFO o.a.j.s.SampleResult: sampleresult.nanoThreadSleep=5000
2018-10-21 00:33:03,164 INFO o.a.j.e.KeyToolUtils: keytool found at 'keytool'
2018-10-21 00:33:03,164 INFO o.a.j.p.h.p.ProxyControl: HTTP(S) Test Script Recorder SSL Proxy will use keys that support embedded 3rd party resources in file /usr/local/Cellar/jmeter/5.0/libexec/bin/proxyserver.jks
2018-10-21 00:33:03,392 INFO o.a.j.s.FileServer: Default base='/Users/xs/IdeaProjects/jmeterClient'
2018-10-21 00:33:07,388 WARN o.j.r.h.StatsReporter: Failed to send repo stats
java.net.SocketTimeoutException: Read timed out
	at java.net.SocketInputStream.socketRead0(Native Method) ~[?:1.8.0_144]
	at java.net.SocketInputStream.socketRead(SocketInputStream.java:116) ~[?:1.8.0_144]
	at java.net.SocketInputStream.read(SocketInputStream.java:171) ~[?:1.8.0_144]
	at java.net.SocketInputStream.read(SocketInputStream.java:141) ~[?:1.8.0_144]
	at sun.security.ssl.InputRecord.readFully(InputRecord.java:465) ~[?:1.8.0_144]
	at sun.security.ssl.InputRecord.read(InputRecord.java:503) ~[?:1.8.0_144]
	at sun.security.ssl.SSLSocketImpl.readRecord(SSLSocketImpl.java:983) ~[?:1.8.0_144]
	at sun.security.ssl.SSLSocketImpl.readDataRecord(SSLSocketImpl.java:940) ~[?:1.8.0_144]
	at sun.security.ssl.AppInputStream.read(AppInputStream.java:105) ~[?:1.8.0_144]
	at org.apache.http.impl.io.AbstractSessionInputBuffer.fillBuffer(AbstractSessionInputBuffer.java:161) ~[httpcore-4.4.10.jar:4.4.10]
	at org.apache.http.impl.io.SocketInputBuffer.fillBuffer(SocketInputBuffer.java:82) ~[httpcore-4.4.10.jar:4.4.10]
	at org.apache.http.impl.io.AbstractSessionInputBuffer.readLine(AbstractSessionInputBuffer.java:278) ~[httpcore-4.4.10.jar:4.4.10]
	at org.apache.http.impl.conn.DefaultHttpResponseParser.parseHead(DefaultHttpResponseParser.java:138) ~[httpclient-4.5.6.jar:4.5.6]
	at org.apache.http.impl.conn.DefaultHttpResponseParser.parseHead(DefaultHttpResponseParser.java:56) ~[httpclient-4.5.6.jar:4.5.6]
	at org.apache.http.impl.io.AbstractMessageParser.parse(AbstractMessageParser.java:259) ~[httpcore-4.4.10.jar:4.4.10]
	at org.apache.http.impl.AbstractHttpClientConnection.receiveResponseHeader(AbstractHttpClientConnection.java:286) ~[httpcore-4.4.10.jar:4.4.10]
	at org.apache.http.impl.conn.DefaultClientConnection.receiveResponseHeader(DefaultClientConnection.java:257) ~[httpclient-4.5.6.jar:4.5.6]
	at org.apache.http.impl.conn.ManagedClientConnectionImpl.receiveResponseHeader(ManagedClientConnectionImpl.java:207) ~[httpclient-4.5.6.jar:4.5.6]
	at org.apache.http.protocol.HttpRequestExecutor.doReceiveResponse(HttpRequestExecutor.java:273) ~[httpcore-4.4.10.jar:4.4.10]
	at org.apache.http.protocol.HttpRequestExecutor.execute(HttpRequestExecutor.java:125) ~[httpcore-4.4.10.jar:4.4.10]
	at org.apache.http.impl.client.DefaultRequestDirector.tryExecute(DefaultRequestDirector.java:684) ~[httpclient-4.5.6.jar:4.5.6]
	at org.apache.http.impl.client.DefaultRequestDirector.execute(DefaultRequestDirector.java:486) ~[httpclient-4.5.6.jar:4.5.6]
	at org.apache.http.impl.client.AbstractHttpClient.doExecute(AbstractHttpClient.java:835) ~[httpclient-4.5.6.jar:4.5.6]
	at org.apache.http.impl.client.CloseableHttpClient.execute(CloseableHttpClient.java:83) ~[httpclient-4.5.6.jar:4.5.6]
	at org.apache.http.impl.client.CloseableHttpClient.execute(CloseableHttpClient.java:56) ~[httpclient-4.5.6.jar:4.5.6]
	at org.jmeterplugins.repository.JARSourceHTTP.execute(JARSourceHTTP.java:499) ~[jmeter-plugins-manager-1.3.jar:?]
	at org.jmeterplugins.repository.JARSourceHTTP.execute(JARSourceHTTP.java:494) ~[jmeter-plugins-manager-1.3.jar:?]
	at org.jmeterplugins.repository.JARSourceHTTP.reportStats(JARSourceHTTP.java:451) ~[jmeter-plugins-manager-1.3.jar:?]
	at org.jmeterplugins.repository.http.StatsReporter.run(StatsReporter.java:24) [jmeter-plugins-manager-1.3.jar:?]
2018-10-21 00:33:09,272 INFO o.a.j.g.a.Load: Loading file: /Users/xs/Jmeter/Java Request.jmx
2018-10-21 00:33:09,273 INFO o.a.j.s.FileServer: Set new base='/Users/xs/Jmeter'
2018-10-21 00:33:09,472 INFO o.a.j.s.SaveService: Testplan (JMX) version: 2.2. Testlog (JTL) version: 2.2
2018-10-21 00:33:09,478 INFO o.a.j.s.SaveService: Using SaveService properties file encoding UTF-8
2018-10-21 00:33:09,479 INFO o.a.j.s.SaveService: Using SaveService properties version 5.0
2018-10-21 00:33:09,482 INFO o.a.j.s.SaveService: Loading file: /Users/xs/Jmeter/Java Request.jmx
2018-10-21 00:33:09,830 INFO o.a.j.s.FileServer: Set new base='/Users/xs/Jmeter'
2018-10-21 00:33:10,749 INFO o.a.j.e.StandardJMeterEngine: Running the test!
2018-10-21 00:33:10,750 INFO o.a.j.s.SampleEvent: List of sample_variables: []
2018-10-21 00:33:10,750 INFO o.a.j.s.SampleEvent: List of sample_variables: []
2018-10-21 00:33:10,763 INFO o.a.j.p.j.t.JavaTest: Created class: TestThriftByJmeter. Uses tearDownTest: false
2018-10-21 00:33:10,767 INFO o.a.j.g.u.JMeterMenuBar: setRunning(true, *local*)
2018-10-21 00:33:10,911 INFO o.a.j.e.StandardJMeterEngine: Starting ThreadGroup: 1 : Thread Group
2018-10-21 00:33:10,911 INFO o.a.j.e.StandardJMeterEngine: Starting 1 threads for group Thread Group.
2018-10-21 00:33:10,911 INFO o.a.j.e.StandardJMeterEngine: Thread will continue on error
2018-10-21 00:33:10,911 INFO o.a.j.t.ThreadGroup: Starting thread group... number=1 threads=1 ramp-up=1 perThread=1000.0 delayedStart=false
2018-10-21 00:33:10,917 INFO o.a.j.t.ThreadGroup: Started thread group number 1
2018-10-21 00:33:10,917 INFO o.a.j.e.StandardJMeterEngine: All thread groups have been started
2018-10-21 00:33:10,923 INFO o.a.j.t.JMeterThread: Thread started: Thread Group 1-1
2018-10-21 00:33:10,939 INFO o.a.j.t.JMeterThread: Thread is done: Thread Group 1-1
2018-10-21 00:33:10,939 INFO o.a.j.t.JMeterThread: Thread finished: Thread Group 1-1
2018-10-21 00:33:10,940 INFO o.a.j.e.StandardJMeterEngine: Notifying test listeners of end of test
2018-10-21 00:33:10,940 INFO o.a.j.g.u.JMeterMenuBar: setRunning(false, *local*)
2018-10-21 00:35:36,939 INFO o.a.j.e.StandardJMeterEngine: Running the test!
2018-10-21 00:35:36,940 INFO o.a.j.s.SampleEvent: List of sample_variables: []
2018-10-21 00:35:36,955 INFO o.a.j.p.j.t.JavaTest: Created class: TestThriftByJmeter. Uses tearDownTest: false
2018-10-21 00:35:36,958 INFO o.a.j.g.u.JMeterMenuBar: setRunning(true, *local*)
2018-10-21 00:35:37,115 INFO o.a.j.e.StandardJMeterEngine: Starting ThreadGroup: 1 : Thread Group
2018-10-21 00:35:37,116 INFO o.a.j.e.StandardJMeterEngine: Starting 1 threads for group Thread Group.
2018-10-21 00:35:37,116 INFO o.a.j.e.StandardJMeterEngine: Thread will continue on error
2018-10-21 00:35:37,116 INFO o.a.j.t.ThreadGroup: Starting thread group... number=1 threads=1 ramp-up=1 perThread=1000.0 delayedStart=false
2018-10-21 00:35:37,116 INFO o.a.j.t.ThreadGroup: Started thread group number 1
2018-10-21 00:35:37,117 INFO o.a.j.e.StandardJMeterEngine: All thread groups have been started
2018-10-21 00:35:37,119 INFO o.a.j.t.JMeterThread: Thread started: Thread Group 1-1
2018-10-21 00:35:37,272 INFO o.a.j.t.JMeterThread: Thread is done: Thread Group 1-1
2018-10-21 00:35:37,272 INFO o.a.j.t.JMeterThread: Thread finished: Thread Group 1-1
2018-10-21 00:35:37,272 INFO o.a.j.e.StandardJMeterEngine: Notifying test listeners of end of test
2018-10-21 00:35:37,272 INFO o.a.j.g.u.JMeterMenuBar: setRunning(false, *local*)
2018-10-21 00:36:23,540 INFO o.a.j.e.StandardJMeterEngine: Running the test!
2018-10-21 00:36:23,540 INFO o.a.j.s.SampleEvent: List of sample_variables: []
2018-10-21 00:36:23,543 INFO o.a.j.p.j.t.JavaTest: Created class: TestThriftByJmeter. Uses tearDownTest: false
2018-10-21 00:36:23,545 INFO o.a.j.g.u.JMeterMenuBar: setRunning(true, *local*)
2018-10-21 00:36:23,668 INFO o.a.j.e.StandardJMeterEngine: Starting ThreadGroup: 1 : Thread Group
2018-10-21 00:36:23,668 INFO o.a.j.e.StandardJMeterEngine: Starting 1 threads for group Thread Group.
2018-10-21 00:36:23,668 INFO o.a.j.e.StandardJMeterEngine: Thread will continue on error
2018-10-21 00:36:23,669 INFO o.a.j.t.ThreadGroup: Starting thread group... number=1 threads=1 ramp-up=1 perThread=1000.0 delayedStart=false
2018-10-21 00:36:23,672 INFO o.a.j.t.ThreadGroup: Started thread group number 1
2018-10-21 00:36:23,673 INFO o.a.j.e.StandardJMeterEngine: All thread groups have been started
2018-10-21 00:36:23,679 INFO o.a.j.t.JMeterThread: Thread started: Thread Group 1-1
2018-10-21 00:36:23,687 INFO o.a.j.t.JMeterThread: Thread is done: Thread Group 1-1
2018-10-21 00:36:23,688 INFO o.a.j.t.JMeterThread: Thread finished: Thread Group 1-1
2018-10-21 00:36:23,689 INFO o.a.j.e.StandardJMeterEngine: Notifying test listeners of end of test
2018-10-21 00:36:23,689 INFO o.a.j.g.u.JMeterMenuBar: setRunning(false, *local*)
